<?xml version="1.0" encoding="UTF-8"?>
<testng-results skipped="0" failed="0" ignored="0" total="1" passed="1">
  <reporter-output>
  </reporter-output>
  <suite name="webTesting.GoogleSearchSanityTest" duration-ms="6752" started-at="2022-12-30T16:42:41 IST" finished-at="2022-12-30T16:42:48 IST">
    <groups>
    </groups>
    <test name="Command line test" duration-ms="6752" started-at="2022-12-30T16:42:41 IST" finished-at="2022-12-30T16:42:48 IST">
      <class name="webTesting.GoogleSearchSanityTest">
        <test-method status="PASS" signature="startWebSession()[pri:0, instance:webTesting.GoogleSearchSanityTest@7a69b07]" name="startWebSession" is-config="true" duration-ms="3019" started-at="2022-12-30T16:42:41 IST" finished-at="2022-12-30T16:42:44 IST">
          <reporter-output>
          </reporter-output>
        </test-method> <!-- startWebSession -->
        <test-method status="PASS" signature="test_01_verifySearchResults()[pri:0, instance:webTesting.GoogleSearchSanityTest@7a69b07]" name="test_01_verifySearchResults" duration-ms="3031" started-at="2022-12-30T16:42:44 IST" description="test_01: Verify google search results" finished-at="2022-12-30T16:42:47 IST">
          <reporter-output>
          </reporter-output>
        </test-method> <!-- test_01_verifySearchResults -->
        <test-method status="PASS" signature="closeSession()[pri:0, instance:webTesting.GoogleSearchSanityTest@7a69b07]" name="closeSession" is-config="true" duration-ms="625" started-at="2022-12-30T16:42:47 IST" finished-at="2022-12-30T16:42:48 IST">
          <reporter-output>
          </reporter-output>
        </test-method> <!-- closeSession -->
      </class> <!-- webTesting.GoogleSearchSanityTest -->
    </test> <!-- Command line test -->
  </suite> <!-- webTesting.GoogleSearchSanityTest -->
</testng-results>
